15:52:50,975  INFO DefaultTestContextBootstrapper:259 - Loaded default TestExecutionListener class names from location [META-INF/spring.factories]: [org.springframework.test.context.web.ServletTestExecutionListener, org.springframework.test.context.support.DirtiesContextBeforeModesTestExecutionListener, org.springframework.test.context.support.DependencyInjectionTestExecutionListener, org.springframework.test.context.support.DirtiesContextTestExecutionListener, org.springframework.test.context.transaction.TransactionalTestExecutionListener, org.springframework.test.context.jdbc.SqlScriptsTestExecutionListener]
15:52:51,001  INFO DefaultTestContextBootstrapper:185 - Using TestExecutionListeners: [org.springframework.test.context.web.ServletTestExecutionListener@2833cc44, org.springframework.test.context.support.DirtiesContextBeforeModesTestExecutionListener@33f88ab, org.springframework.test.context.support.DependencyInjectionTestExecutionListener@27a8c74e, org.springframework.test.context.support.DirtiesContextTestExecutionListener@2d8f65a4, org.springframework.test.context.transaction.TransactionalTestExecutionListener@1b68ddbd, org.springframework.test.context.jdbc.SqlScriptsTestExecutionListener@646d64ab]
15:52:51,303  INFO XmlBeanDefinitionReader:317 - Loading XML bean definitions from class path resource [applicationContext.xml]
15:52:51,604  INFO GenericApplicationContext:578 - Refreshing org.springframework.context.support.GenericApplicationContext@59906517: startup date [Wed Nov 29 15:52:51 CST 2017]; root of context hierarchy
15:52:51,690  INFO AutowiredAnnotationBeanPostProcessor:153 - JSR-330 'javax.inject.Inject' annotation found and supported for autowiring
15:52:51,769  INFO MLog:80 - MLog clients using log4j logging.
15:52:52,088  INFO C3P0Registry:204 - Initializing c3p0-0.9.1.2 [built 21-May-2007 15:04:56; debug? true; trace: 10]
15:52:52,205  INFO LocalContainerEntityManagerFactoryBean:339 - Building JPA container EntityManagerFactory for persistence unit 'default'
15:52:52,205  WARN HibernatePersistence:41 - HHH015016: Encountered a deprecated javax.persistence.spi.PersistenceProvider [org.hibernate.ejb.HibernatePersistence]; use [org.hibernate.jpa.HibernatePersistenceProvider] instead.
15:52:52,212  INFO LogHelper:31 - HHH000204: Processing PersistenceUnitInfo [
	name: default
	...]
15:52:52,277  INFO Version:37 - HHH000412: Hibernate Core {5.0.7.Final}
15:52:52,279  INFO Environment:213 - HHH000206: hibernate.properties not found
15:52:52,280  INFO Environment:317 - HHH000021: Bytecode provider name : javassist
15:52:52,357  INFO Version:66 - HCANN000001: Hibernate Commons Annotations {5.0.1.Final}
15:52:52,489  INFO AbstractPoolBackedDataSource:462 - Initializing c3p0 pool... com.mchange.v2.c3p0.ComboPooledDataSource [ acquireIncrement -> 3, acquireRetryAttempts -> 30, acquireRetryDelay -> 1000, autoCommitOnClose -> false, automaticTestTable -> null, breakAfterAcquireFailure -> false, checkoutTimeout -> 0, connectionCustomizerClassName -> null, connectionTesterClassName -> com.mchange.v2.c3p0.impl.DefaultConnectionTester, dataSourceName -> 1hgegp29s1vkcio18kp6t3|2ef14fe, debugUnreturnedConnectionStackTraces -> false, description -> null, driverClass -> oracle.jdbc.driver.OracleDriver, factoryClassLocation -> null, forceIgnoreUnresolvedTransactions -> false, identityToken -> 1hgegp29s1vkcio18kp6t3|2ef14fe, idleConnectionTestPeriod -> 0, initialPoolSize -> 3, jdbcUrl -> jdbc:oracle:thin:@192.168.80.10:1521:ORCL, maxAdministrativeTaskTime -> 0, maxConnectionAge -> 0, maxIdleTime -> 0, maxIdleTimeExcessConnections -> 0, maxPoolSize -> 15, maxStatements -> 0, maxStatementsPerConnection -> 0, minPoolSize -> 3, numHelperThreads -> 3, numThreadsAwaitingCheckoutDefaultUser -> 0, preferredTestQuery -> null, properties -> {user=******, password=******}, propertyCycle -> 0, testConnectionOnCheckin -> false, testConnectionOnCheckout -> false, unreturnedConnectionTimeout -> 0, usesTraditionalReflectiveProxies -> false ]
15:55:26,777  INFO Dialect:156 - HHH000400: Using dialect: org.hibernate.dialect.Oracle10gDialect
15:55:26,873  INFO LobCreatorBuilderImpl:124 - HHH000424: Disabling contextual LOB creation as createClob() method threw error : java.lang.reflect.InvocationTargetException
15:55:27,430  INFO SchemaUpdate:105 - HHH000228: Running hbm2ddl schema update
15:55:28,170  INFO QueryTranslatorFactoryInitiator:47 - HHH000397: Using ASTQueryTranslatorFactory
15:55:28,235  WARN HqlSqlWalker:992 - [DEPRECATION] Encountered positional parameter near line 1, column 57 in HQL: [delete from com.itheima.bos.domain.base.Area where city=?].  Positional parameter are considered deprecated; use named parameters or JPA-style positional parameters instead.
15:55:28,292  WARN HqlSqlWalker:992 - [DEPRECATION] Encountered positional parameter near line 1, column 50 in HQL: [from com.itheima.bos.domain.base.Area where city=? and id=?].  Positional parameter are considered deprecated; use named parameters or JPA-style positional parameters instead.
15:55:28,293  WARN HqlSqlWalker:992 - [DEPRECATION] Encountered positional parameter near line 1, column 59 in HQL: [from com.itheima.bos.domain.base.Area where city=? and id=?].  Positional parameter are considered deprecated; use named parameters or JPA-style positional parameters instead.
15:55:28,597  INFO GenericApplicationContext:960 - Closing org.springframework.context.support.GenericApplicationContext@59906517: startup date [Wed Nov 29 15:52:51 CST 2017]; root of context hierarchy
15:55:28,599  INFO LocalContainerEntityManagerFactoryBean:462 - Closing JPA EntityManagerFactory for persistence unit 'default'
